************************************************
 ***********************************************
           Epsoc_phonon_along_Z
************************************************
************************************************
 Hamiltonian: H = H_k + \lambda * X1 * i sigma_y J^x + X2 * i sigma_x J^y

 ####################################
 #####  Monte Carlo parameter  #####
 ####################################
 nbin  =              20
 measurements in one_bin             10
 warmup  =               0
 meas_interval  =               1
 meas_timerange  =               0
 total_iterations  =             200
 number of mpi_blocks  =               1
 number of cores per block  =               1
 global update is used

####################################
 #######  Physical parameter  #######
####################################
 lattice_dimension =            2
 Lt    =              20
 dtau  =    0.100000001490116
 Beta  = dtau*Lt =    2.000000000000000
 lambda, el-phonon coupling =    1.732050807568877
 omega   =    1.000000000000000
 M   =    1.000000000000000
 K   =    1.000000000000000
 U_eff = lam^2/omega^2   =    3.000000000000000
 disorder =    0.000000000000000
 filling  =    0.500000000000000
 N_up = N_down  =              16

List of observables, averages and errors
 Description: 
   e_PE = -U/2 * (n_up + n_down)^2 = -U/2*(n_up+n_down) - U*n_up*n_down
#--observables--#
