 ************************************************
 ***********************************************
 Epsoc_phonon_along_Z
 ************************************************
 ************************************************
 Hamiltonian: H = H_k + \lambda * X1 * i sigma_y J^x + X2 * i sigma_x J^y
 
 ####################################
 #####  Monte Carlo parameter  #####
 ####################################
 nbin  =               5
 measurements in one_bin              2
 warmup  =              10
 meas_interval  =               1
 meas_timerange  =               0
 total_iterations  =              20
 number of mpi_blocks  =               1
 number of cores per block  =               1
 global update is used
 
 ####################################
 #######  Physical parameter  #######
 ####################################
 lattice_dimension =            2
 Lt    =             960
 dtau  =    0.100000000000000
 Beta  = dtau*Lt =   96.000000000000000
 lambda, el-phonon coupling =    1.000000000000000
 omega   =    1.000000000000000
 M   =    1.000000000000000
 K   =    1.000000000000000
 U_eff = lam^2/omega^2   =    1.000000000000000
 disorder =    0.000000000000000
 filling  =    0.500000000000000
 N_up = N_down  =              98
 
 List of observables, averages and errors
 Description:
 e_PE = -U/2 * (n_up + n_down)^2 = -U/2*(n_up+n_down) - U*n_up*n_down
 #--observables--#
   0.0000000000000000        0.0000000000000000        0.0000000000000000        0.0000000000000000        0.0000000000000000     
   2.6136072665001942E-321   2.5214973887862436E-258   1.3328769906317248E+049   7.4873792693168521E-260   6.0561032030055901E-154
   0.0000000000000000     
   0.0000000000000000     
   0.0000000000000000     
                       NaN
