 numprocs:           1 mpi_nblock:           1 MPI_one_block:           1
 myid:           0 seed:  1444094834  1850918735  1825382425   499945481  1468110083
 setting lattice...
 Lattice dimension:           2
 Lattice dimension from file:           2
 Lattice dimension:           2
 Lattice lengths:           4           4
 Lattice spatial vectors:
   1.0000000000000000        0.0000000000000000     
   0.0000000000000000        1.0000000000000000     
 Number of sites in unit cell:           2
 site unit cell vectors:
   0.0000000000000000        0.0000000000000000     
   0.0000000000000000        0.0000000000000000     
 Total number of sites in the lattice:          32
 Lattice periodicity: T
 Lattice unit cell count:          16
 Lattice size:           4           4
 Lattice spatial lengths:   4.0000000000000000        4.0000000000000000     
 Lattice spatial vectors:
   1.0000000000000000        0.0000000000000000     
   0.0000000000000000        1.0000000000000000     
 Lattice setup completed.
 setting lattice ends.
 char_length,jump_distance:   1.0000000000000000       0.74999998882412933     
 setting boson field...
 setting bf ends.
 set phonon field...
 i_pf:           1 id:           1 K_exist T V_exist T dim:           4 n_plaquette:           8
 i_pf:           2 id:           2 K_exist T V_exist T dim:           4 n_plaquette:           8
 i_pf:           3 id:           3 K_exist T V_exist T dim:           4 n_plaquette:           8
 i_pf:           4 id:           4 K_exist T V_exist T dim:           4 n_plaquette:           8
 set phonon field ends.
 char_length,jump_distance:   1.0000000000000000       0.74999998882412933     
          20          20
 MeasurementSystem: found           19  observables.
 myid:           0 /lattice_diemension:           2 /filling:  0.50000000000000000      nelec:          16 /beta,ntime,lambda,nblock   2.0000000000000000               20   1.7320508075688772                6
 init g_T0 finishes
 largest error in           0 process is   9.9999999999999995E-007
 RUN TIME(s):    59.7939987    
