Determining if the Fortran sgemm exists failed with the following output:
Change Dir: /home/zhangxiangyu/project/all_in_one_git/build/CMakeFiles/CMakeTmp

Run Build Command(s):/usr/bin/make cmTC_465aa/fast && /usr/bin/make -f CMakeFiles/cmTC_465aa.dir/build.make CMakeFiles/cmTC_465aa.dir/build
make[1]: Entering directory '/home/zhangxiangyu/project/all_in_one_git/build/CMakeFiles/CMakeTmp'
Building Fortran object CMakeFiles/cmTC_465aa.dir/testFortranCompiler.f.o
/usr/bin/f95   -O3  -g -march=native -ffree-line-length-none -fbacktrace -cpp -DMPI    -c /home/zhangxiangyu/project/all_in_one_git/build/CMakeFiles/CMakeTmp/testFortranCompiler.f -o CMakeFiles/cmTC_465aa.dir/testFortranCompiler.f.o
Linking Fortran executable cmTC_465aa
/usr/bin/cmake -E cmake_link_script CMakeFiles/cmTC_465aa.dir/link.txt --verbose=1
/usr/bin/f95    -O3  -g -march=native -ffree-line-length-none -fbacktrace -cpp -DMPI  CMakeFiles/cmTC_465aa.dir/testFortranCompiler.f.o  -o cmTC_465aa 
/usr/bin/ld: CMakeFiles/cmTC_465aa.dir/testFortranCompiler.f.o: in function `main':
/home/zhangxiangyu/project/all_in_one_git/build/CMakeFiles/CMakeTmp/testFortranCompiler.f:4: undefined reference to `sgemm_'
collect2: error: ld returned 1 exit status
make[1]: *** [CMakeFiles/cmTC_465aa.dir/build.make:87: cmTC_465aa] Error 1
make[1]: Leaving directory '/home/zhangxiangyu/project/all_in_one_git/build/CMakeFiles/CMakeTmp'
make: *** [Makefile:121: cmTC_465aa/fast] Error 2



Performing C SOURCE FILE Test CMAKE_HAVE_LIBC_PTHREAD failed with the following output:
Change Dir: /home/zhangxiangyu/project/all_in_one_git/build/CMakeFiles/CMakeTmp

Run Build Command(s):/usr/bin/make cmTC_956e8/fast && /usr/bin/make -f CMakeFiles/cmTC_956e8.dir/build.make CMakeFiles/cmTC_956e8.dir/build
make[1]: Entering directory '/home/zhangxiangyu/project/all_in_one_git/build/CMakeFiles/CMakeTmp'
Building C object CMakeFiles/cmTC_956e8.dir/src.c.o
/usr/bin/cc   -DCMAKE_HAVE_LIBC_PTHREAD   -o CMakeFiles/cmTC_956e8.dir/src.c.o   -c /home/zhangxiangyu/project/all_in_one_git/build/CMakeFiles/CMakeTmp/src.c
Linking C executable cmTC_956e8
/usr/bin/cmake -E cmake_link_script CMakeFiles/cmTC_956e8.dir/link.txt --verbose=1
/usr/bin/cc  -DCMAKE_HAVE_LIBC_PTHREAD    CMakeFiles/cmTC_956e8.dir/src.c.o  -o cmTC_956e8 
/usr/bin/ld: CMakeFiles/cmTC_956e8.dir/src.c.o: in function `main':
src.c:(.text+0x46): undefined reference to `pthread_create'
/usr/bin/ld: src.c:(.text+0x52): undefined reference to `pthread_detach'
/usr/bin/ld: src.c:(.text+0x63): undefined reference to `pthread_join'
collect2: error: ld returned 1 exit status
make[1]: *** [CMakeFiles/cmTC_956e8.dir/build.make:87: cmTC_956e8] Error 1
make[1]: Leaving directory '/home/zhangxiangyu/project/all_in_one_git/build/CMakeFiles/CMakeTmp'
make: *** [Makefile:121: cmTC_956e8/fast] Error 2


Source file was:
#include <pthread.h>

void* test_func(void* data)
{
  return data;
}

int main(void)
{
  pthread_t thread;
  pthread_create(&thread, NULL, test_func, NULL);
  pthread_detach(thread);
  pthread_join(thread, NULL);
  pthread_atfork(NULL, NULL, NULL);
  pthread_exit(NULL);

  return 0;
}

Determining if the function pthread_create exists in the pthreads failed with the following output:
Change Dir: /home/zhangxiangyu/project/all_in_one_git/build/CMakeFiles/CMakeTmp

Run Build Command(s):/usr/bin/make cmTC_f21e2/fast && /usr/bin/make -f CMakeFiles/cmTC_f21e2.dir/build.make CMakeFiles/cmTC_f21e2.dir/build
make[1]: Entering directory '/home/zhangxiangyu/project/all_in_one_git/build/CMakeFiles/CMakeTmp'
Building C object CMakeFiles/cmTC_f21e2.dir/CheckFunctionExists.c.o
/usr/bin/cc   -DCHECK_FUNCTION_EXISTS=pthread_create   -o CMakeFiles/cmTC_f21e2.dir/CheckFunctionExists.c.o   -c /usr/share/cmake-3.16/Modules/CheckFunctionExists.c
Linking C executable cmTC_f21e2
/usr/bin/cmake -E cmake_link_script CMakeFiles/cmTC_f21e2.dir/link.txt --verbose=1
/usr/bin/cc  -DCHECK_FUNCTION_EXISTS=pthread_create    CMakeFiles/cmTC_f21e2.dir/CheckFunctionExists.c.o  -o cmTC_f21e2  -lpthreads 
/usr/bin/ld: cannot find -lpthreads
collect2: error: ld returned 1 exit status
make[1]: *** [CMakeFiles/cmTC_f21e2.dir/build.make:87: cmTC_f21e2] Error 1
make[1]: Leaving directory '/home/zhangxiangyu/project/all_in_one_git/build/CMakeFiles/CMakeTmp'
make: *** [Makefile:121: cmTC_f21e2/fast] Error 2



Determining if the Fortran sgemm exists failed with the following output:
Change Dir: /home/zhangxiangyu/project/all_in_one_git/build/CMakeFiles/CMakeTmp

Run Build Command(s):/usr/bin/make cmTC_fc0b2/fast && /usr/bin/make -f CMakeFiles/cmTC_fc0b2.dir/build.make CMakeFiles/cmTC_fc0b2.dir/build
make[1]: Entering directory '/home/zhangxiangyu/project/all_in_one_git/build/CMakeFiles/CMakeTmp'
Building Fortran object CMakeFiles/cmTC_fc0b2.dir/testFortranCompiler.f.o
/usr/bin/f95   -O3  -g -march=native -ffree-line-length-none -fbacktrace -cpp -DMPI    -c /home/zhangxiangyu/project/all_in_one_git/build/CMakeFiles/CMakeTmp/testFortranCompiler.f -o CMakeFiles/cmTC_fc0b2.dir/testFortranCompiler.f.o
Linking Fortran executable cmTC_fc0b2
/usr/bin/cmake -E cmake_link_script CMakeFiles/cmTC_fc0b2.dir/link.txt --verbose=1
/usr/bin/f95    -O3  -g -march=native -ffree-line-length-none -fbacktrace -cpp -DMPI  CMakeFiles/cmTC_fc0b2.dir/testFortranCompiler.f.o  -o cmTC_fc0b2 
/usr/bin/ld: CMakeFiles/cmTC_fc0b2.dir/testFortranCompiler.f.o: in function `main':
/home/zhangxiangyu/project/all_in_one_git/build/CMakeFiles/CMakeTmp/testFortranCompiler.f:4: undefined reference to `sgemm_'
collect2: error: ld returned 1 exit status
make[1]: *** [CMakeFiles/cmTC_fc0b2.dir/build.make:87: cmTC_fc0b2] Error 1
make[1]: Leaving directory '/home/zhangxiangyu/project/all_in_one_git/build/CMakeFiles/CMakeTmp'
make: *** [Makefile:121: cmTC_fc0b2/fast] Error 2



Performing C SOURCE FILE Test CMAKE_HAVE_LIBC_PTHREAD failed with the following output:
Change Dir: /home/zhangxiangyu/project/all_in_one_git/build/CMakeFiles/CMakeTmp

Run Build Command(s):/usr/bin/make cmTC_40a0f/fast && /usr/bin/make -f CMakeFiles/cmTC_40a0f.dir/build.make CMakeFiles/cmTC_40a0f.dir/build
make[1]: Entering directory '/home/zhangxiangyu/project/all_in_one_git/build/CMakeFiles/CMakeTmp'
Building C object CMakeFiles/cmTC_40a0f.dir/src.c.o
/usr/bin/cc   -DCMAKE_HAVE_LIBC_PTHREAD   -o CMakeFiles/cmTC_40a0f.dir/src.c.o   -c /home/zhangxiangyu/project/all_in_one_git/build/CMakeFiles/CMakeTmp/src.c
Linking C executable cmTC_40a0f
/usr/bin/cmake -E cmake_link_script CMakeFiles/cmTC_40a0f.dir/link.txt --verbose=1
/usr/bin/cc  -DCMAKE_HAVE_LIBC_PTHREAD    CMakeFiles/cmTC_40a0f.dir/src.c.o  -o cmTC_40a0f 
/usr/bin/ld: CMakeFiles/cmTC_40a0f.dir/src.c.o: in function `main':
src.c:(.text+0x46): undefined reference to `pthread_create'
/usr/bin/ld: src.c:(.text+0x52): undefined reference to `pthread_detach'
/usr/bin/ld: src.c:(.text+0x63): undefined reference to `pthread_join'
collect2: error: ld returned 1 exit status
make[1]: *** [CMakeFiles/cmTC_40a0f.dir/build.make:87: cmTC_40a0f] Error 1
make[1]: Leaving directory '/home/zhangxiangyu/project/all_in_one_git/build/CMakeFiles/CMakeTmp'
make: *** [Makefile:121: cmTC_40a0f/fast] Error 2


Source file was:
#include <pthread.h>

void* test_func(void* data)
{
  return data;
}

int main(void)
{
  pthread_t thread;
  pthread_create(&thread, NULL, test_func, NULL);
  pthread_detach(thread);
  pthread_join(thread, NULL);
  pthread_atfork(NULL, NULL, NULL);
  pthread_exit(NULL);

  return 0;
}

Determining if the function pthread_create exists in the pthreads failed with the following output:
Change Dir: /home/zhangxiangyu/project/all_in_one_git/build/CMakeFiles/CMakeTmp

Run Build Command(s):/usr/bin/make cmTC_5d7e0/fast && /usr/bin/make -f CMakeFiles/cmTC_5d7e0.dir/build.make CMakeFiles/cmTC_5d7e0.dir/build
make[1]: Entering directory '/home/zhangxiangyu/project/all_in_one_git/build/CMakeFiles/CMakeTmp'
Building C object CMakeFiles/cmTC_5d7e0.dir/CheckFunctionExists.c.o
/usr/bin/cc   -DCHECK_FUNCTION_EXISTS=pthread_create   -o CMakeFiles/cmTC_5d7e0.dir/CheckFunctionExists.c.o   -c /usr/share/cmake-3.16/Modules/CheckFunctionExists.c
Linking C executable cmTC_5d7e0
/usr/bin/cmake -E cmake_link_script CMakeFiles/cmTC_5d7e0.dir/link.txt --verbose=1
/usr/bin/cc  -DCHECK_FUNCTION_EXISTS=pthread_create    CMakeFiles/cmTC_5d7e0.dir/CheckFunctionExists.c.o  -o cmTC_5d7e0  -lpthreads 
/usr/bin/ld: cannot find -lpthreads
collect2: error: ld returned 1 exit status
make[1]: *** [CMakeFiles/cmTC_5d7e0.dir/build.make:87: cmTC_5d7e0] Error 1
make[1]: Leaving directory '/home/zhangxiangyu/project/all_in_one_git/build/CMakeFiles/CMakeTmp'
make: *** [Makefile:121: cmTC_5d7e0/fast] Error 2



