 nblock =           4
 MPI initialization successful.
 numprocs:           8 mpi_nblock:           4 MPI_one_block:           2
 MODEL =EPSOCZ
 NMLFILE =model/EPSOCZ_b1.nml
 Initialized parameters:
 char_length,jump_distance,global_update_distance:   1.4142135623730951        14.142135623730951        5.6568542494923806     
 Using fixed seed for RNG initialization.
 Seed:          42          42          42          42          42
 Using fixed seed for RNG initialization.
 Seed:          42          42          42          42          42
 Using fixed seed for RNG initialization.
 Seed:          42          42          42          42          42
 Using fixed seed for RNG initialization.
 Seed:          42          42          42          42          42
 Using fixed seed for RNG initialization.
 Seed:          42          42          42          42          42
 Using fixed seed for RNG initialization.
 Seed:          42          42          42          42          42
 Using fixed seed for RNG initialization.
 Seed:          42          42          42          42          42
 Using optimized expKV for EPSOCZ model.
 Using fixed seed for RNG initialization.
 Seed:          42          42          42          42          42
 myid:           4 /beta,lambda,omega,M   96.000000000000000       0.90000000000000002        10000.000000000000        0.0000000000000000      /
 myid:           0 /beta,lambda,omega,M   96.000000000000000       0.50000000000000000        10000.000000000000        0.0000000000000000      /
 myid:           6 /beta,lambda,omega,M   96.000000000000000        1.1000000000000001        10000.000000000000        0.0000000000000000      /
 myid:           2 /beta,lambda,omega,M   96.000000000000000       0.69999999999999996        10000.000000000000        0.0000000000000000      /
 largest error in           1 process is   9.9999999999999995E-007
 RUN TIME(s):    38.1771774    
 largest error in           0 process is   9.9999999999999995E-007
 RUN TIME(s):    38.2468300    
 largest error in           3 process is   9.9999999999999995E-007
 RUN TIME(s):    41.6513367    
 largest error in           2 process is   9.9999999999999995E-007
 RUN TIME(s):    41.9801178    
 largest error in           4 process is   9.9999999999999995E-007
 RUN TIME(s):    44.0780258    
 largest error in           5 process is   9.9999999999999995E-007
 RUN TIME(s):    44.4268837    
 largest error in           6 process is   9.9999999999999995E-007
 RUN TIME(s):    45.3331261    
 largest error in           7 process is   9.9999999999999995E-007
 RUN TIME(s):    45.5728607    
