 ************************************************
 ***********************************************
 Epsoc_phonon_along_Z
 ************************************************
 ************************************************
 Hamiltonian: H = H_k + \lambda * X1 * i sigma_y J^x + X2 * i sigma_x J^y
 
 ####################################
 #####  Monte Carlo parameter  #####
 ####################################
 nbin  =               5
 measurements in one_bin              2
 warmup  =              10
 meas_interval  =               1
 meas_timerange  =               0
 total_iterations  =              20
 number of mpi_blocks  =               4
 number of cores per block  =               2
 global update is not used
 
 ####################################
 #######  Physical parameter  #######
 ####################################
 lattice_dimension =            2
 Lt    =             960
 dtau  =    0.100000000000000
 Beta  = dtau*Lt =   96.000000000000000
 lambda, el-phonon coupling =    0.500000000000000
 Anti-aidabatic limit, M = 0.0
 disorder =    0.000000000000000
 filling  =    0.500000000000000
 N_up = N_down  =              64
 
 List of observables, averages and errors
 Description:
 e_PE = -U/2 * (n_up + n_down)^2 = -U/2*(n_up+n_down) - U*n_up*n_down
 #--observables--#
   7.1466592315776669        8.4632129750127501        9.6795830199344852        10.701848319538184        9.6117222265956315     
   7.1466592315776669        8.4632129750127501        9.6795830199344852        10.701848319538184        9.6117222265956315     
   9.1206051545317433        9.1206051545317433     
   9.1206051545317433     
  0.40504071575315193     
   0.0000000000000000     
